{"/Users/lucas-dev/development/personal/pilares/gestao-financeira-backend/plugins/http/index.ts": {"path":"/Users/lucas-dev/development/personal/pilares/gestao-financeira-backend/plugins/http/index.ts","statementMap":{"0":{"start":{"line":1,"column":0},"end":{"line":1,"column":50}},"1":{"start":{"line":2,"column":0},"end":{"line":2,"column":64}},"2":{"start":{"line":5,"column":0},"end":{"line":5,"column":26}},"3":{"start":{"line":14,"column":12},"end":{"line":25,"column":1}},"4":{"start":{"line":15,"column":37},"end":{"line":18,"column":4}},"5":{"start":{"line":19,"column":19},"end":{"line":19,"column":50}},"6":{"start":{"line":20,"column":2},"end":{"line":24,"column":24}},"7":{"start":{"line":34,"column":13},"end":{"line":46,"column":1}},"8":{"start":{"line":35,"column":37},"end":{"line":39,"column":4}},"9":{"start":{"line":40,"column":19},"end":{"line":40,"column":57}},"10":{"start":{"line":41,"column":2},"end":{"line":45,"column":24}},"11":{"start":{"line":55,"column":12},"end":{"line":65,"column":1}},"12":{"start":{"line":56,"column":37},"end":{"line":58,"column":4}},"13":{"start":{"line":59,"column":19},"end":{"line":59,"column":56}},"14":{"start":{"line":60,"column":2},"end":{"line":64,"column":24}},"15":{"start":{"line":73,"column":12},"end":{"line":83,"column":1}},"16":{"start":{"line":74,"column":37},"end":{"line":76,"column":4}},"17":{"start":{"line":77,"column":19},"end":{"line":77,"column":53}},"18":{"start":{"line":78,"column":2},"end":{"line":82,"column":24}},"19":{"start":{"line":92,"column":14},"end":{"line":102,"column":1}},"20":{"start":{"line":93,"column":37},"end":{"line":95,"column":4}},"21":{"start":{"line":96,"column":19},"end":{"line":96,"column":58}},"22":{"start":{"line":97,"column":2},"end":{"line":101,"column":24}},"23":{"start":{"line":108,"column":13},"end":{"line":114,"column":2}},"24":{"start":{"line":116,"column":19},"end":{"line":119,"column":2}}},"fnMap":{"0":{"name":"(anonymous_1)","decl":{"start":{"line":14,"column":12},"end":{"line":14,"column":17}},"loc":{"start":{"line":14,"column":111},"end":{"line":25,"column":1}}},"1":{"name":"(anonymous_2)","decl":{"start":{"line":34,"column":13},"end":{"line":34,"column":18}},"loc":{"start":{"line":34,"column":111},"end":{"line":46,"column":1}}},"2":{"name":"(anonymous_3)","decl":{"start":{"line":55,"column":12},"end":{"line":55,"column":17}},"loc":{"start":{"line":55,"column":85},"end":{"line":65,"column":1}}},"3":{"name":"(anonymous_4)","decl":{"start":{"line":73,"column":12},"end":{"line":73,"column":17}},"loc":{"start":{"line":73,"column":74},"end":{"line":83,"column":1}}},"4":{"name":"(anonymous_5)","decl":{"start":{"line":92,"column":14},"end":{"line":92,"column":19}},"loc":{"start":{"line":92,"column":88},"end":{"line":102,"column":1}}}},"branchMap":{},"s":{"0":2,"1":2,"2":2,"3":2,"4":1,"5":1,"6":0,"7":2,"8":2,"9":2,"10":1,"11":2,"12":1,"13":1,"14":0,"15":2,"16":1,"17":1,"18":0,"19":2,"20":1,"21":1,"22":0,"23":2,"24":2},"f":{"0":1,"1":2,"2":1,"3":1,"4":1},"b":{}}
,"/Users/lucas-dev/development/personal/pilares/gestao-financeira-backend/plugins/interBank/scopeType.ts": {"path":"/Users/lucas-dev/development/personal/pilares/gestao-financeira-backend/plugins/interBank/scopeType.ts","statementMap":{"0":{"start":{"line":2,"column":0},"end":{"line":2,"column":null}},"1":{"start":{"line":4,"column":2},"end":{"line":4,"column":null}},"2":{"start":{"line":7,"column":2},"end":{"line":7,"column":null}},"3":{"start":{"line":9,"column":2},"end":{"line":9,"column":null}},"4":{"start":{"line":12,"column":2},"end":{"line":12,"column":null}},"5":{"start":{"line":14,"column":2},"end":{"line":14,"column":null}},"6":{"start":{"line":17,"column":2},"end":{"line":17,"column":null}}},"fnMap":{"0":{"name":"(anonymous_0)","decl":{"start":{"line":2,"column":0},"end":{"line":2,"column":12}},"loc":{"start":{"line":2,"column":21},"end":{"line":18,"column":1}}}},"branchMap":{"0":{"loc":{"start":{"line":2,"column":12},"end":{"line":2,"column":null}},"type":"binary-expr","locations":[{"start":{"line":2,"column":12},"end":{"line":2,"column":21}},{"start":{"line":2,"column":12},"end":{"line":2,"column":null}}]}},"s":{"0":1,"1":1,"2":1,"3":1,"4":1,"5":1,"6":1},"f":{"0":1},"b":{"0":[1,1]}}
,"/Users/lucas-dev/development/personal/pilares/gestao-financeira-backend/plugins/interBank/token.ts": {"path":"/Users/lucas-dev/development/personal/pilares/gestao-financeira-backend/plugins/interBank/token.ts","statementMap":{"0":{"start":{"line":2,"column":0},"end":{"line":2,"column":37}},"1":{"start":{"line":3,"column":0},"end":{"line":3,"column":45}},"2":{"start":{"line":5,"column":0},"end":{"line":5,"column":77}},"3":{"start":{"line":6,"column":0},"end":{"line":6,"column":37}},"4":{"start":{"line":7,"column":0},"end":{"line":7,"column":80}},"5":{"start":{"line":8,"column":0},"end":{"line":8,"column":33}},"6":{"start":{"line":24,"column":0},"end":{"line":49,"column":2}},"7":{"start":{"line":25,"column":29},"end":{"line":30,"column":4}},"8":{"start":{"line":31,"column":19},"end":{"line":31,"column":33}},"9":{"start":{"line":32,"column":2},"end":{"line":32,"column":47}},"10":{"start":{"line":33,"column":2},"end":{"line":33,"column":55}},"11":{"start":{"line":34,"column":2},"end":{"line":34,"column":49}},"12":{"start":{"line":35,"column":2},"end":{"line":35,"column":50}},"13":{"start":{"line":37,"column":18},"end":{"line":40,"column":4}},"14":{"start":{"line":42,"column":19},"end":{"line":42,"column":93}},"15":{"start":{"line":44,"column":2},"end":{"line":46,"column":null}},"16":{"start":{"line":45,"column":4},"end":{"line":45,"column":25}},"17":{"start":{"line":48,"column":2},"end":{"line":48,"column":85}}},"fnMap":{"0":{"name":"(anonymous_1)","decl":{"start":{"line":24,"column":15},"end":{"line":24,"column":20}},"loc":{"start":{"line":24,"column":75},"end":{"line":49,"column":1}}}},"branchMap":{"0":{"loc":{"start":{"line":44,"column":2},"end":{"line":46,"column":null}},"type":"if","locations":[{"start":{"line":44,"column":2},"end":{"line":46,"column":null}}]},"1":{"loc":{"start":{"line":48,"column":42},"end":{"line":48,"column":83}},"type":"cond-expr","locations":[{"start":{"line":48,"column":58},"end":{"line":48,"column":62}},{"start":{"line":48,"column":62},"end":{"line":48,"column":83}}]},"2":{"loc":{"start":{"line":48,"column":42},"end":{"line":48,"column":62}},"type":"binary-expr","locations":[{"start":{"line":48,"column":42},"end":{"line":48,"column":62}},{"start":{"line":48,"column":58},"end":{"line":48,"column":62}}]}},"s":{"0":1,"1":1,"2":1,"3":1,"4":1,"5":1,"6":1,"7":1,"8":1,"9":1,"10":1,"11":1,"12":1,"13":1,"14":1,"15":1,"16":1,"17":0},"f":{"0":1},"b":{"0":[1],"1":[0,0],"2":[0,0]}}
}
