TN:
SF:plugins/http/index.ts
FN:14,(anonymous_1)
FN:34,(anonymous_2)
FN:55,(anonymous_3)
FN:73,(anonymous_4)
FN:92,(anonymous_5)
FNF:5
FNH:5
FNDA:1,(anonymous_1)
FNDA:2,(anonymous_2)
FNDA:1,(anonymous_3)
FNDA:1,(anonymous_4)
FNDA:1,(anonymous_5)
DA:1,2
DA:2,2
DA:5,2
DA:14,2
DA:15,1
DA:19,1
DA:20,0
DA:34,2
DA:35,2
DA:40,2
DA:41,1
DA:55,2
DA:56,1
DA:59,1
DA:60,0
DA:73,2
DA:74,1
DA:77,1
DA:78,0
DA:92,2
DA:93,1
DA:96,1
DA:97,0
DA:108,2
DA:116,2
LF:25
LH:21
BRF:0
BRH:0
end_of_record
TN:
SF:plugins/interBank/scopeType.ts
FN:2,(anonymous_0)
FNF:1
FNH:1
FNDA:1,(anonymous_0)
DA:2,1
DA:4,1
DA:7,1
DA:9,1
DA:12,1
DA:14,1
DA:17,1
LF:7
LH:7
BRDA:2,0,0,1
BRDA:2,0,1,1
BRF:2
BRH:2
end_of_record
TN:
SF:plugins/interBank/token.ts
FN:24,(anonymous_1)
FNF:1
FNH:1
FNDA:1,(anonymous_1)
DA:2,1
DA:3,1
DA:5,1
DA:6,1
DA:7,1
DA:8,1
DA:24,1
DA:25,1
DA:31,1
DA:32,1
DA:33,1
DA:34,1
DA:35,1
DA:37,1
DA:42,1
DA:44,1
DA:45,1
DA:48,0
LF:18
LH:17
BRDA:44,0,0,1
BRDA:48,1,0,0
BRDA:48,1,1,0
BRDA:48,2,0,0
BRDA:48,2,1,0
BRF:5
BRH:1
end_of_record
